<?xml version="1.0" encoding="UTF-8"?>
<!-- Generated by org.testng.reporters.JUnitReportReporter -->
<testsuite name="com.luqili.utils.date.DateUtilsTest" tests="4" time="0.022" ignored="0" failures="0" timestamp="22 十二月 2016 06:29:16 GMT" skipped="0" hostname="debian" errors="0">
  <testcase name="differ" time="0.005" classname="com.luqili.utils.date.DateUtilsTest"/>
  <testcase name="differMonth" time="0.015" classname="com.luqili.utils.date.DateUtilsTest"/>
  <testcase name="differDay" time="0.002" classname="com.luqili.utils.date.DateUtilsTest"/>
  <testcase name="differYear" time="0.000" classname="com.luqili.utils.date.DateUtilsTest"/>
</testsuite> <!-- com.luqili.utils.date.DateUtilsTest -->
