<?xml version="1.0" encoding="UTF-8"?>
<!-- Generated by org.testng.reporters.JUnitReportReporter -->
<testsuite name="com.luqili.utils.number.Amount2RMBTest" tests="2" time="0.013" ignored="0" failures="0" timestamp="15 四月 2017 01:26:58 GMT" skipped="0" hostname="debian" errors="0">
  <testcase name="convertString" time="0.002" classname="com.luqili.utils.number.Amount2RMBTest"/>
  <testcase name="convertBigDecimal" time="0.011" classname="com.luqili.utils.number.Amount2RMBTest"/>
</testsuite> <!-- com.luqili.utils.number.Amount2RMBTest -->
