<?xml version="1.0" encoding="UTF-8"?>
<!-- Generated by org.testng.reporters.JUnitReportReporter -->
<testsuite name="com.luqili.utils.idcard.IDCardUtilsTest" tests="6" time="0.044" ignored="0" failures="0" timestamp="21 十二月 2016 07:55:29 GMT" skipped="0" hostname="debian" errors="0">
  <testcase name="validIdCardCodeMessage" time="0.002" classname="com.luqili.utils.idcard.IDCardUtilsTest"/>
  <testcase name="getIdCardBirthday" time="0.025" classname="com.luqili.utils.idcard.IDCardUtilsTest"/>
  <testcase name="getIdCardGender" time="0.014" classname="com.luqili.utils.idcard.IDCardUtilsTest"/>
  <testcase name="vliadCreditCode" time="0.001" classname="com.luqili.utils.idcard.IDCardUtilsTest"/>
  <testcase name="validOrgCode" time="0.001" classname="com.luqili.utils.idcard.IDCardUtilsTest"/>
  <testcase name="validIdCardCode" time="0.001" classname="com.luqili.utils.idcard.IDCardUtilsTest"/>
</testsuite> <!-- com.luqili.utils.idcard.IDCardUtilsTest -->
