<?xml version="1.0" encoding="UTF-8"?>
<!-- Generated by org.testng.reporters.JUnitReportReporter -->
<testsuite name="com.luqili.utils.district.DistrictUtilsTest" tests="2" time="0.025" ignored="0" failures="0" timestamp="19 十二月 2016 07:15:33 GMT" skipped="0" hostname="debian" errors="0">
  <testcase name="getDistrictName" time="0.024" classname="com.luqili.utils.district.DistrictUtilsTest"/>
  <testcase name="getDistrictNames" time="0.001" classname="com.luqili.utils.district.DistrictUtilsTest"/>
</testsuite> <!-- com.luqili.utils.district.DistrictUtilsTest -->
